  security_gateway.cpp
b:\jonathan bedard proxy\desktop\test_file\wifirc_windows\cryptogateway\file_mechanics.h(205): warning C4018: '<' : signed/unsigned mismatch
b:\jonathan bedard proxy\desktop\test_file\wifirc_windows\cryptogateway\file_mechanics.h(208): warning C4244: '=' : conversion from 'double' to 'uint64_t', possible loss of data
b:\jonathan bedard proxy\desktop\test_file\wifirc_windows\cryptogateway\security_gateway.cpp(213): warning C4244: 'argument' : conversion from 'time_t' to 'unsigned int', possible loss of data
b:\jonathan bedard proxy\desktop\test_file\wifirc_windows\cryptogateway\security_gateway.cpp(920): warning C4102: 'std' : unreferenced label
  securitySpinlock.cpp
  public_key.cpp
b:\jonathan bedard proxy\desktop\test_file\wifirc_windows\cryptogateway\file_mechanics.h(205): warning C4018: '<' : signed/unsigned mismatch
b:\jonathan bedard proxy\desktop\test_file\wifirc_windows\cryptogateway\file_mechanics.h(208): warning C4244: '=' : conversion from 'double' to 'uint64_t', possible loss of data
b:\jonathan bedard proxy\desktop\test_file\wifirc_windows\cryptogateway\public_key.cpp(151): warning C4018: '<' : signed/unsigned mismatch
b:\jonathan bedard proxy\desktop\test_file\wifirc_windows\cryptogateway\public_key.cpp(156): warning C4018: '<' : signed/unsigned mismatch
b:\jonathan bedard proxy\desktop\test_file\wifirc_windows\cryptogateway\public_key.cpp(353): warning C4018: '<' : signed/unsigned mismatch
b:\jonathan bedard proxy\desktop\test_file\wifirc_windows\cryptogateway\public_key.cpp(358): warning C4018: '<' : signed/unsigned mismatch
b:\jonathan bedard proxy\desktop\test_file\wifirc_windows\cryptogateway\public_key.cpp(636): warning C4244: 'argument' : conversion from 'time_t' to 'unsigned int', possible loss of data
b:\jonathan bedard proxy\desktop\test_file\wifirc_windows\cryptogateway\public_key.cpp(640): warning C4244: 'argument' : conversion from 'time_t' to 'unsigned int', possible loss of data
  large_number.cpp
b:\jonathan bedard proxy\desktop\test_file\wifirc_windows\cryptogateway\file_mechanics.h(205): warning C4018: '<' : signed/unsigned mismatch
b:\jonathan bedard proxy\desktop\test_file\wifirc_windows\cryptogateway\file_mechanics.h(208): warning C4244: '=' : conversion from 'double' to 'uint64_t', possible loss of data
b:\jonathan bedard proxy\desktop\test_file\wifirc_windows\cryptogateway\large_number.cpp(255): warning C4101: 'temp' : unreferenced local variable
b:\jonathan bedard proxy\desktop\test_file\wifirc_windows\cryptogateway\large_number.cpp(300): warning C4101: 'temp' : unreferenced local variable
b:\jonathan bedard proxy\desktop\test_file\wifirc_windows\cryptogateway\large_number.cpp(528): warning C4800: 'const uint32_t' : forcing value to bool 'true' or 'false' (performance warning)
  Generating Code...
  CryptoGateway.vcxproj -> B:\Jonathan Bedard Proxy\Desktop\Test_File\WifiRC_Windows\Debug\CryptoGateway.lib
